<?xml version="1.0" encoding="UTF-8"?>
<testsuite name="tests.firefox.FirefoxTemporalTests" tests="1" skipped="0" failures="0" errors="0" timestamp="2020-02-16T12:20:57" hostname="Igor-PC" time="7.712">
  <properties/>
  <testcase name="testClickHeaderLinks" classname="tests.firefox.FirefoxTemporalTests" time="7.712"/>
  <system-out><![CDATA[]]></system-out>
  <system-err><![CDATA[1581855649288	mozrunner::runner	INFO	Running command: "C:\\Program Files (x86)\\Mozilla Firefox\\firefox.exe" "-marionette" "-foreground" "-no-remote" "-profile" "C:\\Users\\user\\AppData\\Local\\Temp\\rust_mozprofile.s30lfw6frFhp"
Unable to read VR Path Registry from C:\Users\user\AppData\Local\openvr\openvrpaths.vrpath
1581855650024	Marionette	INFO	Enabled via --marionette
Unable to read VR Path Registry from C:\Users\user\AppData\Local\openvr\openvrpaths.vrpath
Unable to read VR Path Registry from C:\Users\user\AppData\Local\openvr\openvrpaths.vrpath
Unable to read VR Path Registry from C:\Users\user\AppData\Local\openvr\openvrpaths.vrpath
[Child 13440, Chrome_ChildThread] WARNING: pipe error: 109: file z:/build/build/src/ipc/chromium/src/chrome/common/ipc_channel_win.cc, line 346
[Child 13440, Chrome_ChildThread] WAUnable to read VR Path Registry from C:\Users\user\AppData\Local\openvr\openvrpaths.vrpath
1581855652961	Marionette	INFO	Listening on port 51436
1581855653415	Marionette	WARN	TLS certificate errors will be ignored for this session
1581855653498	Marionette	DEBUG	Register listener.js for window 4294967297
Feb 16, 2020 2:20:53 PM org.openqa.selenium.remote.ProtocolHandshake createSession
INFO: Detected dialect: W3C
1581855653526	Marionette	DEBUG	Received DOM event "beforeunload" for "about:blank"
1581855654307	Marionette	DEBUG	Received DOM event "pagehide" for "about:blank"
1581855654307	Marionette	DEBUG	Received DOM event "unload" for "about:blank"
1581855655173	Marionette	DEBUG	Received DOM event "DOMContentLoaded" for "https://harchavat.netlify.com/#/"
1581855655283	Marionette	DEBUG	Received DOM event "pageshow" for "https://harchavat.netlify.com/#/"
1581855658570	Marionette	DEBUG	Canceled page load listener because no navigation has been detected
1581855661186	Marionette	DEBUG	Canceled page load listener because no navigation has been detected
1581855663496	Marionette	DEBUG	Canceled page load listener because no navigation has been detected
1581855664524	Marionette	DEBUG	Received DOM event "popstate" for "https://harchavat.netlify.com/#/"
[Child 15524, Chrome_ChildThread] WARNING: pipe error: 109: file z:/build/build/src/ipc/chromium/src/chrome/common/ipc_channel_win.cc, line 346
[Child 15524, Chrome_ChildThread] WARNING: pipe error: 109: file z:/[Parent 15476, Gecko_IOThread] WARNING: pipe error: 109: file z:/build/build/src/ipc/chromium/src/chrome/common/ipc_channel_win.cc, line 346
[Child 8040, Chrome_ChildThread] WARNING: pipe error: 109: file z:/build/build/src/ipc/chromium/src/chrome/common/ipc_channel_win.cc, line 346
*** UTM:SVC TimerManager:registerTimer called after profile-before-change notification. Ignoring timer registration for id: telemetry_modules_ping
[Child 8040, Chrome_ChildThread] WARNING: pipe error: 109: file z:/bui[GPU 7440, Chrome_ChildThread] WARNING: pipe error: 109: file 
###!!! [Child][MessageChannel::SendAndWait] Error: Channel error: cannot send/recv

]]></system-err>
</testsuite>
