<?xml version="1.0" encoding="UTF-8"?>
<testsuite name="tests.chrome.ChromeTemporalTests" tests="1" skipped="0" failures="0" errors="0" timestamp="2020-02-16T17:21:34" hostname="Igors-MacBook-Pro.local" time="15.156">
  <properties/>
  <testcase name="testClickSideMenu" classname="tests.chrome.ChromeTemporalTests" time="15.156"/>
  <system-out><![CDATA[]]></system-out>
  <system-err><![CDATA[log4j:WARN No appenders could be found for logger (tests.TestBase).
log4j:WARN Please initialize the log4j system properly.
log4j:WARN See http://logging.apache.org/log4j/1.2/faq.html#noconfig for more info.
Feb 16, 2020 7:21:28 PM org.openqa.selenium.remote.DesiredCapabilities chrome
INFO: Using `new ChromeOptions()` is preferred to `DesiredCapabilities.chrome()`
Starting ChromeDriver 72.0.3626.69 (3c16f8a135abc0d4da2dff33804db79b849a7c38) on port 44633
Only local connections are allowed.
Please protect ports used by ChromeDriver and related test frameworks to prevent access by malicious code.
Feb 16, 2020 7:21:30 PM org.openqa.selenium.remote.ProtocolHandshake createSession
INFO: Detected dialect: OSS
]]></system-err>
</testsuite>
